mode: atomic
github.com/rveen/session2/session.go:33.44,35.16 2 7
github.com/rveen/session2/session.go:35.16,37.3 1 2
github.com/rveen/session2/session.go:38.2,39.18 2 7
github.com/rveen/session2/session.go:39.18,41.3 1 5
github.com/rveen/session2/session.go:42.2,52.31 5 7
github.com/rveen/session2/session.go:52.31,54.3 1 1
github.com/rveen/session2/session.go:55.2,55.10 1 7
github.com/rveen/session2/session.go:59.31,59.46 1 10
github.com/rveen/session2/session.go:62.39,62.59 1 3
github.com/rveen/session2/session.go:65.40,69.2 3 8
github.com/rveen/session2/session.go:72.43,72.63 1 7
github.com/rveen/session2/session.go:75.49,79.2 3 6
github.com/rveen/session2/session.go:82.59,85.18 3 5
github.com/rveen/session2/session.go:85.18,87.3 1 1
github.com/rveen/session2/session.go:87.8,89.3 1 4
github.com/rveen/session2/session.go:93.50,97.28 4 3
github.com/rveen/session2/session.go:97.28,99.3 1 1
github.com/rveen/session2/session.go:100.2,100.10 1 3
github.com/rveen/session2/session.go:103.27,107.2 3 4
github.com/rveen/session2/session.go:136.37,137.24 1 4
github.com/rveen/session2/session.go:137.24,139.3 1 4
github.com/rveen/session2/session.go:140.2,140.25 1 4
github.com/rveen/session2/session.go:140.25,142.3 1 3
github.com/rveen/session2/session.go:143.2,143.24 1 4
github.com/rveen/session2/session.go:143.24,145.3 1 4
github.com/rveen/session2/session.go:146.2,146.26 1 4
github.com/rveen/session2/session.go:146.26,148.3 1 1
github.com/rveen/session2/session.go:149.2,155.10 3 4
github.com/rveen/session2/session.go:158.29,161.6 3 4
github.com/rveen/session2/session.go:161.6,162.10 1 15
github.com/rveen/session2/session.go:163.17,164.10 1 4
github.com/rveen/session2/session.go:165.26,167.34 2 11
github.com/rveen/session2/session.go:167.34,168.44 1 5
github.com/rveen/session2/session.go:168.44,170.6 1 1
github.com/rveen/session2/session.go:172.4,172.17 1 11
github.com/rveen/session2/session.go:177.49,179.16 2 7
github.com/rveen/session2/session.go:179.16,181.3 1 3
github.com/rveen/session2/session.go:182.2,185.17 4 4
github.com/rveen/session2/session.go:185.17,187.3 1 3
github.com/rveen/session2/session.go:188.2,188.13 1 4
github.com/rveen/session2/session.go:191.61,203.2 4 4
github.com/rveen/session2/session.go:205.64,217.2 4 2
github.com/rveen/session2/session.go:219.27,220.24 1 6
github.com/rveen/session2/session.go:220.24,220.41 1 4
github.com/rveen/session2/session.go:223.29,227.2 3 5
github.com/rveen/session2/session.go:237.22,240.2 2 3
github.com/rveen/session2/session.go:243.36,243.60 1 7
github.com/rveen/session2/session.go:246.48,246.71 1 4
github.com/rveen/session2/session.go:249.51,249.77 1 2
github.com/rveen/session2/session.go:252.14,252.32 1 3
github.com/rveen/session2/session.go:255.16,255.39 1 5
